2025/06/05 17:55:17 Failed to read small/file_07117635.txt: operation error S3: GetObject, exceeded maximum number of attempts, 3, https response error StatusCode: 0, RequestID: , HostID: , request send failed, Get "http://localhost:9000/test-bucket/small/file_07117635.txt?x-id=GetObject": dial tcp [::1]:9000: connect: connection refused
2025/06/05 17:55:17 [W0] Cycle 1: small small/file_07117635.txt in 3.406s
2025/06/05 17:55:17 Failed to read small/file_09184275.txt: operation error S3: GetObject, exceeded maximum number of attempts, 3, https response error StatusCode: 0, RequestID: , HostID: , request send failed, Get "http://localhost:9000/test-bucket/small/file_09184275.txt?x-id=GetObject": dial tcp [::1]:9000: connect: connection refused
2025/06/05 17:55:17 [W3] Cycle 1: small small/file_09184275.txt in 3.73s
2025/06/05 17:55:18 Failed to read small/file_07198936.txt: operation error S3: GetObject, exceeded maximum number of attempts, 3, https response error StatusCode: 0, RequestID: , HostID: , request send failed, Get "http://localhost:9000/test-bucket/small/file_07198936.txt?x-id=GetObject": dial tcp [::1]:9000: connect: connection refused
2025/06/05 17:55:18 [W1] Cycle 1: small small/file_07198936.txt in 4.618s
2025/06/05 17:55:18 Failed to read small/file_06278667.txt: operation error S3: GetObject, exceeded maximum number of attempts, 3, https response error StatusCode: 0, RequestID: , HostID: , request send failed, Get "http://localhost:9000/test-bucket/small/file_06278667.txt?x-id=GetObject": dial tcp [::1]:9000: connect: connection refused
2025/06/05 17:55:18 [W4] Cycle 1: small small/file_06278667.txt in 4.795s
2025/06/05 17:55:18 Failed to read small/file_4888023.txt: operation error S3: GetObject, exceeded maximum number of attempts, 3, https response error StatusCode: 0, RequestID: , HostID: , request send failed, Get "http://localhost:9000/test-bucket/small/file_4888023.txt?x-id=GetObject": dial tcp [::1]:9000: connect: connection refused
2025/06/05 17:55:18 [W2] Cycle 1: small small/file_4888023.txt in 4.84s
2025/06/05 17:55:19 Failed to read large/largefile_05736.bin: operation error S3: GetObject, exceeded maximum number of attempts, 3, https response error StatusCode: 0, RequestID: , HostID: , request send failed, Get "http://localhost:9000/test-bucket/large/largefile_05736.bin?x-id=GetObject": dial tcp [::1]:9000: connect: connection refused
2025/06/05 17:55:19 [W0] Cycle 1: range large/largefile_05736.bin (0 bytes) in 2.882s (0.00 MB/s)
2025/06/05 17:55:20 Failed to read large/largefile_01995.bin: operation error S3: GetObject, exceeded maximum number of attempts, 3, https response error StatusCode: 0, RequestID: , HostID: , request send failed, Get "http://localhost:9000/test-bucket/large/largefile_01995.bin?x-id=GetObject": dial tcp [::1]:9000: connect: connection refused
2025/06/05 17:55:20 [W3] Cycle 1: range large/largefile_01995.bin (0 bytes) in 3.019s (0.00 MB/s)
2025/06/05 17:55:21 Failed to read large/largefile_00367.bin: operation error S3: GetObject, exceeded maximum number of attempts, 3, https response error StatusCode: 0, RequestID: , HostID: , request send failed, Get "http://localhost:9000/test-bucket/large/largefile_00367.bin?x-id=GetObject": dial tcp [::1]:9000: connect: connection refused
2025/06/05 17:55:21 [W2] Cycle 1: range large/largefile_00367.bin (0 bytes) in 3.477s (0.00 MB/s)
2025/06/05 17:55:22 Failed to read small/file_3254477.txt: operation error S3: GetObject, exceeded maximum number of attempts, 3, https response error StatusCode: 0, RequestID: , HostID: , request send failed, Get "http://localhost:9000/test-bucket/small/file_3254477.txt?x-id=GetObject": dial tcp [::1]:9000: connect: connection refused
2025/06/05 17:55:22 [W3] Cycle 2: small small/file_3254477.txt in 2.3s
2025/06/05 17:55:22 Failed to read large/largefile_00768.bin: operation error S3: GetObject, exceeded maximum number of attempts, 3, https response error StatusCode: 0, RequestID: , HostID: , request send failed, Get "http://localhost:9000/test-bucket/large/largefile_00768.bin?x-id=GetObject": dial tcp [::1]:9000: connect: connection refused
2025/06/05 17:55:22 [W1] Cycle 1: range large/largefile_00768.bin (0 bytes) in 4.608s (0.00 MB/s)
2025/06/05 17:55:23 Failed to read large/largefile_09138.bin: operation error S3: GetObject, exceeded maximum number of attempts, 3, https response error StatusCode: 0, RequestID: , HostID: , request send failed, Get "http://localhost:9000/test-bucket/large/largefile_09138.bin?x-id=GetObject": dial tcp [::1]:9000: connect: connection refused
2025/06/05 17:55:23 [W4] Cycle 1: range large/largefile_09138.bin (0 bytes) in 5.325s (0.00 MB/s)
2025/06/05 17:55:23 Failed to read small/file_09441093.txt: operation error S3: GetObject, exceeded maximum number of attempts, 3, https response error StatusCode: 0, RequestID: , HostID: , request send failed, Get "http://localhost:9000/test-bucket/small/file_09441093.txt?x-id=GetObject": dial tcp [::1]:9000: connect: connection refused
2025/06/05 17:55:23 [W2] Cycle 2: small small/file_09441093.txt in 1.994s
2025/06/05 17:55:24 Failed to read small/file_0335513.txt: operation error S3: GetObject, exceeded maximum number of attempts, 3, https response error StatusCode: 0, RequestID: , HostID: , request send failed, Get "http://localhost:9000/test-bucket/small/file_0335513.txt?x-id=GetObject": dial tcp [::1]:9000: connect: connection refused
2025/06/05 17:55:24 [W0] Cycle 2: small small/file_0335513.txt in 4.057s
2025/06/05 17:55:25 Failed to read large/largefile_08278.bin: operation error S3: GetObject, exceeded maximum number of attempts, 3, https response error StatusCode: 0, RequestID: , HostID: , request send failed, Get "http://localhost:9000/test-bucket/large/largefile_08278.bin?x-id=GetObject": dial tcp [::1]:9000: connect: connection refused
2025/06/05 17:55:25 [W2] Cycle 2: range large/largefile_08278.bin (0 bytes) in 1.954s (0.00 MB/s)
2025/06/05 17:55:26 Failed to read small/file_0403182.txt: operation error S3: GetObject, exceeded maximum number of attempts, 3, https response error StatusCode: 0, RequestID: , HostID: , request send failed, Get "http://localhost:9000/test-bucket/small/file_0403182.txt?x-id=GetObject": dial tcp [::1]:9000: connect: connection refused
2025/06/05 17:55:26 [W4] Cycle 2: small small/file_0403182.txt in 2.881s
2025/06/05 17:55:27 Failed to read large/largefile_05154.bin: operation error S3: GetObject, exceeded maximum number of attempts, 3, https response error StatusCode: 0, RequestID: , HostID: , request send failed, Get "http://localhost:9000/test-bucket/large/largefile_05154.bin?x-id=GetObject": dial tcp [::1]:9000: connect: connection refused
2025/06/05 17:55:27 [W3] Cycle 2: range large/largefile_05154.bin (0 bytes) in 4.643s (0.00 MB/s)
2025/06/05 17:55:27 Failed to read small/file_1258575.txt: operation error S3: GetObject, exceeded maximum number of attempts, 3, https response error StatusCode: 0, RequestID: , HostID: , request send failed, Get "http://localhost:9000/test-bucket/small/file_1258575.txt?x-id=GetObject": dial tcp [::1]:9000: connect: connection refused
2025/06/05 17:55:27 [W1] Cycle 2: small small/file_1258575.txt in 4.687s
2025/06/05 17:55:27 Failed to read small/file_05868799.txt: operation error S3: GetObject, exceeded maximum number of attempts, 3, https response error StatusCode: 0, RequestID: , HostID: , request send failed, Get "http://localhost:9000/test-bucket/small/file_05868799.txt?x-id=GetObject": dial tcp [::1]:9000: connect: connection refused
2025/06/05 17:55:27 [W2] Cycle 3: small small/file_05868799.txt in 1.922s
2025/06/05 17:55:28 Failed to read large/largefile_03511.bin: operation error S3: GetObject, exceeded maximum number of attempts, 3, https response error StatusCode: 0, RequestID: , HostID: , request send failed, Get "http://localhost:9000/test-bucket/large/largefile_03511.bin?x-id=GetObject": dial tcp [::1]:9000: connect: connection refused
2025/06/05 17:55:28 [W2] Cycle 3: range large/largefile_03511.bin (0 bytes) in 778ms (0.00 MB/s)
2025/06/05 17:55:28 Failed to read large/largefile_07195.bin: operation error S3: GetObject, exceeded maximum number of attempts, 3, https response error StatusCode: 0, RequestID: , HostID: , request send failed, Get "http://localhost:9000/test-bucket/large/largefile_07195.bin?x-id=GetObject": dial tcp [::1]:9000: connect: connection refused
2025/06/05 17:55:28 [W0] Cycle 2: range large/largefile_07195.bin (0 bytes) in 4.777s (0.00 MB/s)
2025/06/05 17:55:30 Failed to read large/largefile_06017.bin: operation error S3: GetObject, exceeded maximum number of attempts, 3, https response error StatusCode: 0, RequestID: , HostID: , request send failed, Get "http://localhost:9000/test-bucket/large/largefile_06017.bin?x-id=GetObject": dial tcp [::1]:9000: connect: connection refused
2025/06/05 17:55:30 [W4] Cycle 2: range large/largefile_06017.bin (0 bytes) in 3.854s (0.00 MB/s)
2025/06/05 17:55:30 Failed to read small/file_0355062.txt: operation error S3: GetObject, exceeded maximum number of attempts, 3, https response error StatusCode: 0, RequestID: , HostID: , request send failed, Get "http://localhost:9000/test-bucket/small/file_0355062.txt?x-id=GetObject": dial tcp [::1]:9000: connect: connection refused
2025/06/05 17:55:30 [W2] Cycle 4: small small/file_0355062.txt in 1.967s
2025/06/05 17:55:30 Failed to read small/file_3374200.txt: operation error S3: GetObject, exceeded maximum number of attempts, 3, https response error StatusCode: 0, RequestID: , HostID: , request send failed, Get "http://localhost:9000/test-bucket/small/file_3374200.txt?x-id=GetObject": dial tcp [::1]:9000: connect: connection refused
2025/06/05 17:55:30 [W0] Cycle 3: small small/file_3374200.txt in 2.106s
2025/06/05 17:55:32 Failed to read small/file_08957456.txt: operation error S3: GetObject, exceeded maximum number of attempts, 3, https response error StatusCode: 0, RequestID: , HostID: , request send failed, Get "http://localhost:9000/test-bucket/small/file_08957456.txt?x-id=GetObject": dial tcp [::1]:9000: connect: connection refused
2025/06/05 17:55:32 [W3] Cycle 3: small small/file_08957456.txt in 4.903s
2025/06/05 17:55:32 Failed to read large/largefile_06502.bin: operation error S3: GetObject, exceeded maximum number of attempts, 3, https response error StatusCode: 0, RequestID: , HostID: , request send failed, Get "http://localhost:9000/test-bucket/large/largefile_06502.bin?x-id=GetObject": dial tcp [::1]:9000: connect: connection refused
2025/06/05 17:55:32 [W1] Cycle 2: range large/largefile_06502.bin (0 bytes) in 4.936s (0.00 MB/s)
2025/06/05 17:55:34 Failed to read small/file_0419621.txt: operation error S3: GetObject, exceeded maximum number of attempts, 3, https response error StatusCode: 0, RequestID: , HostID: , request send failed, Get "http://localhost:9000/test-bucket/small/file_0419621.txt?x-id=GetObject": dial tcp [::1]:9000: connect: connection refused
2025/06/05 17:55:34 [W4] Cycle 3: small small/file_0419621.txt in 4.091s
2025/06/05 17:55:34 Failed to read large/largefile_03158.bin: operation error S3: GetObject, exceeded maximum number of attempts, 3, https response error StatusCode: 0, RequestID: , HostID: , request send failed, Get "http://localhost:9000/test-bucket/large/largefile_03158.bin?x-id=GetObject": dial tcp [::1]:9000: connect: connection refused
2025/06/05 17:55:34 [W0] Cycle 3: range large/largefile_03158.bin (0 bytes) in 3.839s (0.00 MB/s)
2025/06/05 17:55:35 Failed to read large/largefile_06966.bin: operation error S3: GetObject, exceeded maximum number of attempts, 3, https response error StatusCode: 0, RequestID: , HostID: , request send failed, Get "http://localhost:9000/test-bucket/large/largefile_06966.bin?x-id=GetObject": dial tcp [::1]:9000: connect: connection refused
2025/06/05 17:55:35 [W2] Cycle 4: range large/largefile_06966.bin (0 bytes) in 4.511s (0.00 MB/s)
2025/06/05 17:55:36 Failed to read large/largefile_08673.bin: operation error S3: GetObject, exceeded maximum number of attempts, 3, https response error StatusCode: 0, RequestID: , HostID: , request send failed, Get "http://localhost:9000/test-bucket/large/largefile_08673.bin?x-id=GetObject": dial tcp [::1]:9000: connect: connection refused
2025/06/05 17:55:36 [W3] Cycle 3: range large/largefile_08673.bin (0 bytes) in 4.177s (0.00 MB/s)
2025/06/05 17:55:36 Failed to read large/largefile_03209.bin: operation error S3: GetObject, exceeded maximum number of attempts, 3, https response error StatusCode: 0, RequestID: , HostID: , request send failed, Get "http://localhost:9000/test-bucket/large/largefile_03209.bin?x-id=GetObject": dial tcp [::1]:9000: connect: connection refused
2025/06/05 17:55:36 [W4] Cycle 3: range large/largefile_03209.bin (0 bytes) in 2.323s (0.00 MB/s)
2025/06/05 17:55:37 Failed to read small/file_3427633.txt: operation error S3: GetObject, exceeded maximum number of attempts, 3, https response error StatusCode: 0, RequestID: , HostID: , request send failed, Get "http://localhost:9000/test-bucket/small/file_3427633.txt?x-id=GetObject": dial tcp [::1]:9000: connect: connection refused
2025/06/05 17:55:37 [W1] Cycle 3: small small/file_3427633.txt in 4.835s
2025/06/05 17:55:38 Failed to read large/largefile_05800.bin: operation error S3: GetObject, exceeded maximum number of attempts, 3, https response error StatusCode: 0, RequestID: , HostID: , request send failed, Get "http://localhost:9000/test-bucket/large/largefile_05800.bin?x-id=GetObject": dial tcp [::1]:9000: connect: connection refused
2025/06/05 17:55:38 [W1] Cycle 3: range large/largefile_05800.bin (0 bytes) in 838ms (0.00 MB/s)
2025/06/05 17:55:38 Failed to read small/file_1459257.txt: operation error S3: GetObject, exceeded maximum number of attempts, 3, https response error StatusCode: 0, RequestID: , HostID: , request send failed, Get "http://localhost:9000/test-bucket/small/file_1459257.txt?x-id=GetObject": dial tcp [::1]:9000: connect: connection refused
2025/06/05 17:55:38 [W0] Cycle 4: small small/file_1459257.txt in 3.723s
2025/06/05 17:55:38 Failed to read small/file_1815447.txt: operation error S3: GetObject, exceeded maximum number of attempts, 3, https response error StatusCode: 0, RequestID: , HostID: , request send failed, Get "http://localhost:9000/test-bucket/small/file_1815447.txt?x-id=GetObject": dial tcp [::1]:9000: connect: connection refused
2025/06/05 17:55:38 [W2] Cycle 5: small small/file_1815447.txt in 3.443s
2025/06/05 17:55:39 Failed to read small/file_0922703.txt: operation error S3: GetObject, exceeded maximum number of attempts, 3, https response error StatusCode: 0, RequestID: , HostID: , request send failed, Get "http://localhost:9000/test-bucket/small/file_0922703.txt?x-id=GetObject": dial tcp [::1]:9000: connect: connection refused
2025/06/05 17:55:39 [W4] Cycle 4: small small/file_0922703.txt in 2.429s
2025/06/05 17:55:39 Failed to read large/largefile_06709.bin: operation error S3: GetObject, exceeded maximum number of attempts, 3, https response error StatusCode: 0, RequestID: , HostID: , request send failed, Get "http://localhost:9000/test-bucket/large/largefile_06709.bin?x-id=GetObject": dial tcp [::1]:9000: connect: connection refused
2025/06/05 17:55:39 [W2] Cycle 5: range large/largefile_06709.bin (0 bytes) in 815ms (0.00 MB/s)
2025/06/05 17:55:39 Failed to read small/file_05609198.txt: operation error S3: GetObject, exceeded maximum number of attempts, 3, https response error StatusCode: 0, RequestID: , HostID: , request send failed, Get "http://localhost:9000/test-bucket/small/file_05609198.txt?x-id=GetObject": dial tcp [::1]:9000: connect: connection refused
2025/06/05 17:55:39 [W3] Cycle 4: small small/file_05609198.txt in 3.076s
2025/06/05 17:55:41 Failed to read small/file_2451454.txt: operation error S3: GetObject, exceeded maximum number of attempts, 3, https response error StatusCode: 0, RequestID: , HostID: , request send failed, Get "http://localhost:9000/test-bucket/small/file_2451454.txt?x-id=GetObject": dial tcp [::1]:9000: connect: connection refused
2025/06/05 17:55:41 [W1] Cycle 4: small small/file_2451454.txt in 3.792s
2025/06/05 17:55:42 Failed to read large/largefile_04259.bin: operation error S3: GetObject, exceeded maximum number of attempts, 3, https response error StatusCode: 0, RequestID: , HostID: , request send failed, Get "http://localhost:9000/test-bucket/large/largefile_04259.bin?x-id=GetObject": dial tcp [::1]:9000: connect: connection refused
2025/06/05 17:55:42 [W0] Cycle 4: range large/largefile_04259.bin (0 bytes) in 4.051s (0.00 MB/s)
2025/06/05 17:55:43 Failed to read large/largefile_00259.bin: operation error S3: GetObject, exceeded maximum number of attempts, 3, https response error StatusCode: 0, RequestID: , HostID: , request send failed, Get "http://localhost:9000/test-bucket/large/largefile_00259.bin?x-id=GetObject": dial tcp [::1]:9000: connect: connection refused
2025/06/05 17:55:43 [W4] Cycle 4: range large/largefile_00259.bin (0 bytes) in 3.905s (0.00 MB/s)
2025/06/05 17:55:43 Failed to read large/largefile_01628.bin: operation error S3: GetObject, exceeded maximum number of attempts, 3, https response error StatusCode: 0, RequestID: , HostID: , request send failed, Get "http://localhost:9000/test-bucket/large/largefile_01628.bin?x-id=GetObject": dial tcp [::1]:9000: connect: connection refused
2025/06/05 17:55:43 [W3] Cycle 4: range large/largefile_01628.bin (0 bytes) in 4.163s (0.00 MB/s)
2025/06/05 17:55:46 Failed to read small/file_3431642.txt: operation error S3: GetObject, exceeded maximum number of attempts, 3, https response error StatusCode: 0, RequestID: , HostID: , request send failed, Get "http://localhost:9000/test-bucket/small/file_3431642.txt?x-id=GetObject": dial tcp [::1]:9000: connect: connection refused
2025/06/05 17:55:46 [W4] Cycle 5: small small/file_3431642.txt in 2.934s
2025/06/05 17:55:46 Failed to read small/file_05294017.txt: operation error S3: GetObject, exceeded maximum number of attempts, 3, https response error StatusCode: 0, RequestID: , HostID: , request send failed, Get "http://localhost:9000/test-bucket/small/file_05294017.txt?x-id=GetObject": dial tcp [::1]:9000: connect: connection refused
2025/06/05 17:55:46 [W0] Cycle 5: small small/file_05294017.txt in 3.961s
2025/06/05 17:55:46 Failed to read large/largefile_09223.bin: operation error S3: GetObject, exceeded maximum number of attempts, 3, https response error StatusCode: 0, RequestID: , HostID: , request send failed, Get "http://localhost:9000/test-bucket/large/largefile_09223.bin?x-id=GetObject": dial tcp [::1]:9000: connect: connection refused
2025/06/05 17:55:46 [W1] Cycle 4: range large/largefile_09223.bin (0 bytes) in 4.892s (0.00 MB/s)
2025/06/05 17:55:47 Failed to read small/file_3065718.txt: operation error S3: GetObject, exceeded maximum number of attempts, 3, https response error StatusCode: 0, RequestID: , HostID: , request send failed, Get "http://localhost:9000/test-bucket/small/file_3065718.txt?x-id=GetObject": dial tcp [::1]:9000: connect: connection refused
2025/06/05 17:55:47 [W3] Cycle 5: small small/file_3065718.txt in 3.661s
2025/06/05 17:55:48 Failed to read large/largefile_02796.bin: operation error S3: GetObject, exceeded maximum number of attempts, 3, https response error StatusCode: 0, RequestID: , HostID: , request send failed, Get "http://localhost:9000/test-bucket/large/largefile_02796.bin?x-id=GetObject": dial tcp [::1]:9000: connect: connection refused
2025/06/05 17:55:48 [W0] Cycle 5: range large/largefile_02796.bin (0 bytes) in 2.216s (0.00 MB/s)
2025/06/05 17:55:50 Failed to read large/largefile_06504.bin: operation error S3: GetObject, exceeded maximum number of attempts, 3, https response error StatusCode: 0, RequestID: , HostID: , request send failed, Get "http://localhost:9000/test-bucket/large/largefile_06504.bin?x-id=GetObject": dial tcp [::1]:9000: connect: connection refused
2025/06/05 17:55:50 [W4] Cycle 5: range large/largefile_06504.bin (0 bytes) in 3.886s (0.00 MB/s)
2025/06/05 17:55:51 Failed to read small/file_3387361.txt: operation error S3: GetObject, exceeded maximum number of attempts, 3, https response error StatusCode: 0, RequestID: , HostID: , request send failed, Get "http://localhost:9000/test-bucket/small/file_3387361.txt?x-id=GetObject": dial tcp [::1]:9000: connect: connection refused
2025/06/05 17:55:51 [W1] Cycle 5: small small/file_3387361.txt in 4.591s
2025/06/05 17:55:51 Failed to read large/largefile_00078.bin: operation error S3: GetObject, exceeded maximum number of attempts, 3, https response error StatusCode: 0, RequestID: , HostID: , request send failed, Get "http://localhost:9000/test-bucket/large/largefile_00078.bin?x-id=GetObject": dial tcp [::1]:9000: connect: connection refused
2025/06/05 17:55:51 [W3] Cycle 5: range large/largefile_00078.bin (0 bytes) in 4.398s (0.00 MB/s)
2025/06/05 17:55:53 Failed to read large/largefile_07147.bin: operation error S3: GetObject, exceeded maximum number of attempts, 3, https response error StatusCode: 0, RequestID: , HostID: , request send failed, Get "http://localhost:9000/test-bucket/large/largefile_07147.bin?x-id=GetObject": dial tcp [::1]:9000: connect: connection refused
2025/06/05 17:55:53 [W1] Cycle 5: range large/largefile_07147.bin (0 bytes) in 1.794s (0.00 MB/s)
